C[0][0] = -14408
C[0][1] = 7663
C[0][2] = -8246
C[0][3] = 15351
C[0][4] = -7926
C[0][5] = 34535
C[0][6] = -391
C[0][7] = 5785
C[0][8] = 4380
C[0][9] = 14180
C[0][10] = -9803
C[0][11] = 12526
C[0][12] = 25293
C[0][13] = 21693
C[0][14] = 15658
C[0][15] = 2363
C[0][16] = 586
C[0][17] = 9904
C[0][18] = 17262
C[0][19] = 7914
C[0][20] = -7086
C[0][21] = 84
C[0][22] = 19225
C[0][23] = -4440
C[0][24] = -2287
C[0][25] = -18671
C[0][26] = 597
C[0][27] = 15266
C[0][28] = -4252
C[0][29] = -22385
C[0][30] = 22881
C[0][31] = -12608
C[1][0] = -16896
C[1][1] = 10106
C[1][2] = -7599
C[1][3] = 11299
C[1][4] = -9938
C[1][5] = 21083
C[1][6] = -6234
C[1][7] = -1057
C[1][8] = -2528
C[1][9] = 3013
C[1][10] = -17533
C[1][11] = 1197
C[1][12] = 16021
C[1][13] = -6503
C[1][14] = 5004
C[1][15] = -5332
C[1][16] = -11802
C[1][17] = -1255
C[1][18] = 206
C[1][19] = -10381
C[1][20] = -15616
C[1][21] = -11962
C[1][22] = 8678
C[1][23] = -4801
C[1][24] = -12949
C[1][25] = -10591
C[1][26] = -14432
C[1][27] = 4612
C[1][28] = -4335
C[1][29] = -27719
C[1][30] = 8920
C[1][31] = -22035
C[2][0] = -5621
C[2][1] = -3672
C[2][2] = -4954
C[2][3] = 13673
C[2][4] = -2404
C[2][5] = 22640
C[2][6] = -2628
C[2][7] = 9241
C[2][8] = 7248
C[2][9] = 8241
C[2][10] = -7811
C[2][11] = 10731
C[2][12] = 21215
C[2][13] = 15842
C[2][14] = 17435
C[2][15] = -722
C[2][16] = 3678
C[2][17] = 9483
C[2][18] = 19155
C[2][19] = 13535
C[2][20] = -2136
C[2][21] = 768
C[2][22] = 12659
C[2][23] = 5842
C[2][24] = 2254
C[2][25] = -9612
C[2][26] = 4368
C[2][27] = 14187
C[2][28] = -1685
C[2][29] = -21008
C[2][30] = 8037
C[2][31] = -3661
C[3][0] = -8315
C[3][1] = 1693
C[3][2] = 395
C[3][3] = 14324
C[3][4] = -2240
C[3][5] = 20984
C[3][6] = -9124
C[3][7] = 14604
C[3][8] = 499
C[3][9] = 3929
C[3][10] = -10699
C[3][11] = 9016
C[3][12] = 24021
C[3][13] = 11848
C[3][14] = 10050
C[3][15] = 2316
C[3][16] = -1663
C[3][17] = 10730
C[3][18] = 2879
C[3][19] = -3836
C[3][20] = -3836
C[3][21] = -3033
C[3][22] = 8601
C[3][23] = 4177
C[3][24] = -8233
C[3][25] = -2617
C[3][26] = -4690
C[3][27] = 13151
C[3][28] = 5448
C[3][29] = -7252
C[3][30] = 18171
C[3][31] = -8190
C[4][0] = -14662
C[4][1] = 9230
C[4][2] = -2962
C[4][3] = 19065
C[4][4] = 1809
C[4][5] = 27432
C[4][6] = -6036
C[4][7] = 12282
C[4][8] = 6816
C[4][9] = 7746
C[4][10] = -15200
C[4][11] = 7461
C[4][12] = 30602
C[4][13] = 16803
C[4][14] = 14656
C[4][15] = -3338
C[4][16] = -1519
C[4][17] = 8860
C[4][18] = 10294
C[4][19] = -2499
C[4][20] = -10212
C[4][21] = -1505
C[4][22] = 10969
C[4][23] = 10746
C[4][24] = 342
C[4][25] = -15855
C[4][26] = -1773
C[4][27] = 24187
C[4][28] = -1668
C[4][29] = -18061
C[4][30] = 27299
C[4][31] = -12953
C[5][0] = -11307
C[5][1] = 7326
C[5][2] = -936
C[5][3] = 20143
C[5][4] = 7440
C[5][5] = 21511
C[5][6] = -1628
C[5][7] = 8528
C[5][8] = 7209
C[5][9] = 1765
C[5][10] = -16294
C[5][11] = 7209
C[5][12] = 18365
C[5][13] = 457
C[5][14] = 16170
C[5][15] = 2534
C[5][16] = 4074
C[5][17] = 8495
C[5][18] = 5252
C[5][19] = -391
C[5][20] = -7759
C[5][21] = -2228
C[5][22] = 13966
C[5][23] = 12717
C[5][24] = -11675
C[5][25] = 461
C[5][26] = -4192
C[5][27] = 14690
C[5][28] = -5530
C[5][29] = -15209
C[5][30] = 16924
C[5][31] = -11658
C[6][0] = -16504
C[6][1] = -5287
C[6][2] = -9744
C[6][3] = 4189
C[6][4] = -4502
C[6][5] = 8355
C[6][6] = -13667
C[6][7] = -4570
C[6][8] = -1531
C[6][9] = -6408
C[6][10] = -23359
C[6][11] = 2806
C[6][12] = 14919
C[6][13] = 2
C[6][14] = 3522
C[6][15] = -8670
C[6][16] = -13512
C[6][17] = -3737
C[6][18] = -3653
C[6][19] = -6935
C[6][20] = -14094
C[6][21] = -14238
C[6][22] = -3073
C[6][23] = 418
C[6][24] = -12375
C[6][25] = -23511
C[6][26] = -19078
C[6][27] = 3761
C[6][28] = -5288
C[6][29] = -22595
C[6][30] = 3420
C[6][31] = -17064
C[7][0] = -8597
C[7][1] = 5491
C[7][2] = -8596
C[7][3] = 10431
C[7][4] = -3874
C[7][5] = 22159
C[7][6] = -5153
C[7][7] = 5845
C[7][8] = 521
C[7][9] = 5350
C[7][10] = -4881
C[7][11] = 6660
C[7][12] = 24572
C[7][13] = 12641
C[7][14] = 21009
C[7][15] = -10330
C[7][16] = -1554
C[7][17] = 8485
C[7][18] = 5731
C[7][19] = 8145
C[7][20] = -523
C[7][21] = -10446
C[7][22] = 5850
C[7][23] = 2732
C[7][24] = -7986
C[7][25] = -8418
C[7][26] = -221
C[7][27] = 9180
C[7][28] = 4074
C[7][29] = -22034
C[7][30] = 10577
C[7][31] = -11935
C[8][0] = -7195
C[8][1] = 1910
C[8][2] = 7711
C[8][3] = 11777
C[8][4] = 3675
C[8][5] = 19086
C[8][6] = -1605
C[8][7] = 7849
C[8][8] = 13311
C[8][9] = 5168
C[8][10] = -3533
C[8][11] = 6190
C[8][12] = 18671
C[8][13] = 4704
C[8][14] = 7506
C[8][15] = 3775
C[8][16] = 5912
C[8][17] = 5936
C[8][18] = 9142
C[8][19] = 2712
C[8][20] = -6359
C[8][21] = -8559
C[8][22] = 23719
C[8][23] = 12147
C[8][24] = -6587
C[8][25] = -1020
C[8][26] = -5871
C[8][27] = 9557
C[8][28] = -3069
C[8][29] = -13044
C[8][30] = 14021
C[8][31] = -4858
C[9][0] = -25860
C[9][1] = -3309
C[9][2] = -11900
C[9][3] = 7945
C[9][4] = -8238
C[9][5] = 19362
C[9][6] = -10969
C[9][7] = 1171
C[9][8] = -6184
C[9][9] = -1745
C[9][10] = -14671
C[9][11] = -693
C[9][12] = 22273
C[9][13] = 10324
C[9][14] = 8789
C[9][15] = -1797
C[9][16] = -9904
C[9][17] = 476
C[9][18] = 2779
C[9][19] = -651
C[9][20] = -13764
C[9][21] = -4847
C[9][22] = 18329
C[9][23] = 2802
C[9][24] = -18891
C[9][25] = -17500
C[9][26] = -6196
C[9][27] = 11382
C[9][28] = -9843
C[9][29] = -25599
C[9][30] = 8121
C[9][31] = -18086
C[10][0] = -15912
C[10][1] = -4844
C[10][2] = -14180
C[10][3] = 2638
C[10][4] = -6441
C[10][5] = 15191
C[10][6] = -9445
C[10][7] = -3352
C[10][8] = -844
C[10][9] = -2923
C[10][10] = -20040
C[10][11] = 5714
C[10][12] = 8381
C[10][13] = 154
C[10][14] = -118
C[10][15] = -7892
C[10][16] = -11790
C[10][17] = -5804
C[10][18] = 187
C[10][19] = -12169
C[10][20] = -12039
C[10][21] = -5184
C[10][22] = -5531
C[10][23] = -1991
C[10][24] = -5797
C[10][25] = -27727
C[10][26] = -15500
C[10][27] = 4910
C[10][28] = -6229
C[10][29] = -19759
C[10][30] = 6342
C[10][31] = -16769
C[11][0] = -9201
C[11][1] = 840
C[11][2] = -3444
C[11][3] = 9632
C[11][4] = -4567
C[11][5] = 20843
C[11][6] = -6738
C[11][7] = 4487
C[11][8] = 5042
C[11][9] = 6876
C[11][10] = -17285
C[11][11] = 5749
C[11][12] = 24059
C[11][13] = 13630
C[11][14] = 14491
C[11][15] = -948
C[11][16] = -7446
C[11][17] = 1023
C[11][18] = 9747
C[11][19] = -1652
C[11][20] = -2857
C[11][21] = -3633
C[11][22] = 12313
C[11][23] = 810
C[11][24] = 886
C[11][25] = -18764
C[11][26] = 5
C[11][27] = 9437
C[11][28] = -6478
C[11][29] = -20955
C[11][30] = 9952
C[11][31] = -8401
C[12][0] = -19091
C[12][1] = 18517
C[12][2] = -1550
C[12][3] = 14546
C[12][4] = -3255
C[12][5] = 30989
C[12][6] = 718
C[12][7] = 10011
C[12][8] = 5482
C[12][9] = 12107
C[12][10] = -6552
C[12][11] = 7418
C[12][12] = 31673
C[12][13] = 11875
C[12][14] = 20327
C[12][15] = -9010
C[12][16] = -1953
C[12][17] = 12760
C[12][18] = 10218
C[12][19] = 6727
C[12][20] = -6414
C[12][21] = -2806
C[12][22] = 9321
C[12][23] = 7618
C[12][24] = 742
C[12][25] = -6762
C[12][26] = 1312
C[12][27] = 17063
C[12][28] = -8334
C[12][29] = -19961
C[12][30] = 21532
C[12][31] = -5365
C[13][0] = -33446
C[13][1] = -9832
C[13][2] = -11724
C[13][3] = 236
C[13][4] = -15367
C[13][5] = 18514
C[13][6] = -25525
C[13][7] = -8870
C[13][8] = -4085
C[13][9] = 2603
C[13][10] = -35808
C[13][11] = -4922
C[13][12] = 11923
C[13][13] = -4314
C[13][14] = -3316
C[13][15] = -2696
C[13][16] = -17294
C[13][17] = -6539
C[13][18] = -6172
C[13][19] = -10008
C[13][20] = -23540
C[13][21] = -16226
C[13][22] = 6031
C[13][23] = -16527
C[13][24] = -20146
C[13][25] = -22933
C[13][26] = -23562
C[13][27] = 135
C[13][28] = -13307
C[13][29] = -35818
C[13][30] = 4944
C[13][31] = -12213
C[14][0] = -12797
C[14][1] = 20118
C[14][2] = 3546
C[14][3] = 17906
C[14][4] = 7656
C[14][5] = 28057
C[14][6] = 8662
C[14][7] = 2438
C[14][8] = 8032
C[14][9] = 15141
C[14][10] = -14039
C[14][11] = 20834
C[14][12] = 24262
C[14][13] = 17652
C[14][14] = 18332
C[14][15] = 1634
C[14][16] = 26
C[14][17] = 6357
C[14][18] = 4914
C[14][19] = -5630
C[14][20] = 6816
C[14][21] = 7365
C[14][22] = 8910
C[14][23] = 10939
C[14][24] = 5585
C[14][25] = -15270
C[14][26] = -466
C[14][27] = 18888
C[14][28] = 11676
C[14][29] = -639
C[14][30] = 18932
C[14][31] = -4561
C[15][0] = 4786
C[15][1] = 21536
C[15][2] = 16260
C[15][3] = 30583
C[15][4] = 14353
C[15][5] = 39816
C[15][6] = 13471
C[15][7] = 21004
C[15][8] = 26437
C[15][9] = 19785
C[15][10] = 749
C[15][11] = 27996
C[15][12] = 41711
C[15][13] = 26421
C[15][14] = 40139
C[15][15] = 8682
C[15][16] = 15248
C[15][17] = 24061
C[15][18] = 24153
C[15][19] = 17926
C[15][20] = 13098
C[15][21] = 2918
C[15][22] = 26838
C[15][23] = 22777
C[15][24] = 15015
C[15][25] = -738
C[15][26] = 12290
C[15][27] = 24453
C[15][28] = 5612
C[15][29] = -9527
C[15][30] = 32418
C[15][31] = 8111
C[16][0] = -29986
C[16][1] = -125
C[16][2] = -4990
C[16][3] = 3383
C[16][4] = -24258
C[16][5] = 14980
C[16][6] = -12807
C[16][7] = -9360
C[16][8] = -9156
C[16][9] = 114
C[16][10] = -21230
C[16][11] = -4705
C[16][12] = 16611
C[16][13] = -419
C[16][14] = 2579
C[16][15] = -17425
C[16][16] = -15391
C[16][17] = 403
C[16][18] = 2193
C[16][19] = -4569
C[16][20] = -22680
C[16][21] = -8935
C[16][22] = 5654
C[16][23] = -15018
C[16][24] = -11781
C[16][25] = -24625
C[16][26] = -12371
C[16][27] = 7596
C[16][28] = -10674
C[16][29] = -33372
C[16][30] = 7095
C[16][31] = -18476
C[17][0] = -21804
C[17][1] = 6294
C[17][2] = 5771
C[17][3] = 16355
C[17][4] = -11256
C[17][5] = 22692
C[17][6] = -7122
C[17][7] = 1930
C[17][8] = 2088
C[17][9] = 6419
C[17][10] = -13492
C[17][11] = 7540
C[17][12] = 28300
C[17][13] = 11377
C[17][14] = 9325
C[17][15] = 2703
C[17][16] = -7944
C[17][17] = 1768
C[17][18] = 6427
C[17][19] = 5738
C[17][20] = -9482
C[17][21] = -506
C[17][22] = 7589
C[17][23] = -460
C[17][24] = -8913
C[17][25] = -13485
C[17][26] = -8210
C[17][27] = 8612
C[17][28] = -3386
C[17][29] = -21268
C[17][30] = 7298
C[17][31] = -8478
C[18][0] = -10638
C[18][1] = 12459
C[18][2] = 5991
C[18][3] = 20944
C[18][4] = -4369
C[18][5] = 26447
C[18][6] = 5241
C[18][7] = 10161
C[18][8] = 14446
C[18][9] = 17614
C[18][10] = -10077
C[18][11] = 6301
C[18][12] = 22926
C[18][13] = 17598
C[18][14] = 15471
C[18][15] = 4499
C[18][16] = 8338
C[18][17] = 12162
C[18][18] = 16288
C[18][19] = 7389
C[18][20] = -5920
C[18][21] = 10608
C[18][22] = 22357
C[18][23] = -3688
C[18][24] = 2301
C[18][25] = -2089
C[18][26] = 10613
C[18][27] = 15286
C[18][28] = -6388
C[18][29] = -17474
C[18][30] = 22043
C[18][31] = -5914
C[19][0] = -17070
C[19][1] = 12071
C[19][2] = -2713
C[19][3] = 10581
C[19][4] = -5320
C[19][5] = 21328
C[19][6] = -2977
C[19][7] = 3167
C[19][8] = 2182
C[19][9] = 1731
C[19][10] = -19122
C[19][11] = 12948
C[19][12] = 25748
C[19][13] = 9539
C[19][14] = 11758
C[19][15] = -6844
C[19][16] = -5978
C[19][17] = 7035
C[19][18] = 4515
C[19][19] = -7028
C[19][20] = -11319
C[19][21] = 1411
C[19][22] = 4061
C[19][23] = 814
C[19][24] = 304
C[19][25] = -17631
C[19][26] = -8192
C[19][27] = 11845
C[19][28] = -7253
C[19][29] = -13491
C[19][30] = 14448
C[19][31] = -12329
C[20][0] = 800
C[20][1] = 16890
C[20][2] = 13633
C[20][3] = 29175
C[20][4] = 7190
C[20][5] = 47457
C[20][6] = 15351
C[20][7] = 20294
C[20][8] = 16653
C[20][9] = 29997
C[20][10] = 7465
C[20][11] = 27061
C[20][12] = 33750
C[20][13] = 35067
C[20][14] = 32489
C[20][15] = 20269
C[20][16] = 19081
C[20][17] = 23534
C[20][18] = 36059
C[20][19] = 28023
C[20][20] = 12434
C[20][21] = 11875
C[20][22] = 30760
C[20][23] = 20154
C[20][24] = 7063
C[20][25] = 2498
C[20][26] = 16480
C[20][27] = 30485
C[20][28] = -1406
C[20][29] = -3297
C[20][30] = 31922
C[20][31] = 11275
C[21][0] = -10023
C[21][1] = -4685
C[21][2] = -4155
C[21][3] = 10055
C[21][4] = -6565
C[21][5] = 7070
C[21][6] = -7493
C[21][7] = -3662
C[21][8] = -217
C[21][9] = -882
C[21][10] = -14968
C[21][11] = -816
C[21][12] = 16510
C[21][13] = -2074
C[21][14] = 6694
C[21][15] = -7575
C[21][16] = -7789
C[21][17] = -3354
C[21][18] = -7543
C[21][19] = -3892
C[21][20] = -10989
C[21][21] = -8348
C[21][22] = 8531
C[21][23] = -5850
C[21][24] = -13794
C[21][25] = -16454
C[21][26] = -742
C[21][27] = 3139
C[21][28] = -9147
C[21][29] = -8373
C[21][30] = 10193
C[21][31] = -17578
C[22][0] = -14271
C[22][1] = 8601
C[22][2] = -812
C[22][3] = 13383
C[22][4] = 10260
C[22][5] = 28010
C[22][6] = -801
C[22][7] = 12275
C[22][8] = 3453
C[22][9] = 7721
C[22][10] = -17909
C[22][11] = 5457
C[22][12] = 20241
C[22][13] = 15747
C[22][14] = 15915
C[22][15] = 1298
C[22][16] = -972
C[22][17] = 7417
C[22][18] = 4434
C[22][19] = -8008
C[22][20] = -7745
C[22][21] = -2847
C[22][22] = 19735
C[22][23] = 6285
C[22][24] = -6284
C[22][25] = -8592
C[22][26] = -3114
C[22][27] = 14174
C[22][28] = -2733
C[22][29] = -16860
C[22][30] = 29305
C[22][31] = -9114
C[23][0] = -10208
C[23][1] = -1337
C[23][2] = -2318
C[23][3] = 15150
C[23][4] = 1927
C[23][5] = 15419
C[23][6] = -5342
C[23][7] = 6248
C[23][8] = 4392
C[23][9] = 4920
C[23][10] = -22816
C[23][11] = 4068
C[23][12] = 20081
C[23][13] = 5827
C[23][14] = 10742
C[23][15] = -3725
C[23][16] = -6599
C[23][17] = 1868
C[23][18] = -819
C[23][19] = -3048
C[23][20] = -16288
C[23][21] = -593
C[23][22] = 4601
C[23][23] = -2606
C[23][24] = -6025
C[23][25] = -11039
C[23][26] = -1216
C[23][27] = 10971
C[23][28] = -10616
C[23][29] = -10596
C[23][30] = 19460
C[23][31] = -12715
C[24][0] = -4191
C[24][1] = 4907
C[24][2] = 7192
C[24][3] = 12312
C[24][4] = -925
C[24][5] = 19167
C[24][6] = -2534
C[24][7] = 9340
C[24][8] = 12846
C[24][9] = 8381
C[24][10] = -19271
C[24][11] = 5678
C[24][12] = 19243
C[24][13] = 4464
C[24][14] = 9058
C[24][15] = -628
C[24][16] = -6053
C[24][17] = 6556
C[24][18] = 10923
C[24][19] = -3778
C[24][20] = -6017
C[24][21] = -1070
C[24][22] = 10842
C[24][23] = 799
C[24][24] = 5190
C[24][25] = -8231
C[24][26] = -4000
C[24][27] = 12744
C[24][28] = -13759
C[24][29] = -14845
C[24][30] = 19553
C[24][31] = -5573
C[25][0] = -6074
C[25][1] = 1608
C[25][2] = 7322
C[25][3] = 11829
C[25][4] = -4671
C[25][5] = 18641
C[25][6] = -4258
C[25][7] = 13287
C[25][8] = 6403
C[25][9] = -485
C[25][10] = -2752
C[25][11] = 4548
C[25][12] = 25147
C[25][13] = 7577
C[25][14] = 7504
C[25][15] = -9624
C[25][16] = -5668
C[25][17] = 13893
C[25][18] = 11770
C[25][19] = -207
C[25][20] = -7541
C[25][21] = -9372
C[25][22] = 14077
C[25][23] = 7293
C[25][24] = -214
C[25][25] = -5726
C[25][26] = -9574
C[25][27] = 14535
C[25][28] = 1595
C[25][29] = -16385
C[25][30] = 13705
C[25][31] = -7796
C[26][0] = -21154
C[26][1] = -1218
C[26][2] = -6627
C[26][3] = 5232
C[26][4] = -8578
C[26][5] = 19057
C[26][6] = -8986
C[26][7] = 1446
C[26][8] = 2235
C[26][9] = 7068
C[26][10] = -20750
C[26][11] = 54
C[26][12] = 16214
C[26][13] = 6181
C[26][14] = 2573
C[26][15] = -5216
C[26][16] = -7985
C[26][17] = -3670
C[26][18] = 700
C[26][19] = -4427
C[26][20] = -12672
C[26][21] = -37
C[26][22] = 9483
C[26][23] = -5472
C[26][24] = -10095
C[26][25] = -14776
C[26][26] = -2231
C[26][27] = 6521
C[26][28] = -9336
C[26][29] = -20553
C[26][30] = 13696
C[26][31] = -15838
C[27][0] = -11666
C[27][1] = -7453
C[27][2] = -14510
C[27][3] = -1242
C[27][4] = -14648
C[27][5] = 991
C[27][6] = -16662
C[27][7] = -795
C[27][8] = -6075
C[27][9] = -3383
C[27][10] = -26149
C[27][11] = -5301
C[27][12] = 8870
C[27][13] = -2905
C[27][14] = 9605
C[27][15] = -17325
C[27][16] = -9863
C[27][17] = 1006
C[27][18] = 1680
C[27][19] = -7057
C[27][20] = -19067
C[27][21] = -14560
C[27][22] = 2606
C[27][23] = -5818
C[27][24] = -11002
C[27][25] = -18766
C[27][26] = -8046
C[27][27] = 6289
C[27][28] = -15984
C[27][29] = -34061
C[27][30] = 14975
C[27][31] = -22514
C[28][0] = -10091
C[28][1] = 3516
C[28][2] = 5142
C[28][3] = 13714
C[28][4] = -5947
C[28][5] = 26273
C[28][6] = -4085
C[28][7] = 9821
C[28][8] = 11353
C[28][9] = 14307
C[28][10] = -1592
C[28][11] = 13341
C[28][12] = 25953
C[28][13] = 18323
C[28][14] = 12748
C[28][15] = 3373
C[28][16] = 4378
C[28][17] = 4011
C[28][18] = 13306
C[28][19] = 15892
C[28][20] = -2224
C[28][21] = -1015
C[28][22] = 7952
C[28][23] = 5723
C[28][24] = 3456
C[28][25] = -4812
C[28][26] = 1755
C[28][27] = 5500
C[28][28] = 4620
C[28][29] = -14774
C[28][30] = 13501
C[28][31] = 2258
C[29][0] = -13149
C[29][1] = 5838
C[29][2] = 1892
C[29][3] = 6741
C[29][4] = -4710
C[29][5] = 15821
C[29][6] = -7444
C[29][7] = 5868
C[29][8] = 12419
C[29][9] = 5733
C[29][10] = -16391
C[29][11] = 6475
C[29][12] = 21807
C[29][13] = 19860
C[29][14] = 7961
C[29][15] = -2029
C[29][16] = -5966
C[29][17] = 8781
C[29][18] = 7404
C[29][19] = -4068
C[29][20] = -7578
C[29][21] = 452
C[29][22] = 5193
C[29][23] = 1733
C[29][24] = -4172
C[29][25] = -13726
C[29][26] = -15537
C[29][27] = 14130
C[29][28] = -2118
C[29][29] = -22084
C[29][30] = 9964
C[29][31] = -12494
C[30][0] = 3801
C[30][1] = 9329
C[30][2] = 12042
C[30][3] = 23426
C[30][4] = 6803
C[30][5] = 30420
C[30][6] = 9105
C[30][7] = 16477
C[30][8] = 26909
C[30][9] = 20640
C[30][10] = -6926
C[30][11] = 14575
C[30][12] = 26378
C[30][13] = 29255
C[30][14] = 23072
C[30][15] = 8630
C[30][16] = 8783
C[30][17] = 18319
C[30][18] = 18261
C[30][19] = 13257
C[30][20] = 10526
C[30][21] = 6917
C[30][22] = 25541
C[30][23] = 9730
C[30][24] = 8278
C[30][25] = 1719
C[30][26] = 11465
C[30][27] = 25476
C[30][28] = 7363
C[30][29] = -4374
C[30][30] = 20679
C[30][31] = 3019
C[31][0] = -9168
C[31][1] = 13285
C[31][2] = -7727
C[31][3] = 6245
C[31][4] = 2785
C[31][5] = 19372
C[31][6] = -4319
C[31][7] = 7079
C[31][8] = -1039
C[31][9] = 529
C[31][10] = -25946
C[31][11] = 3608
C[31][12] = 25053
C[31][13] = 14685
C[31][14] = 25124
C[31][15] = -7114
C[31][16] = -7943
C[31][17] = 16385
C[31][18] = 811
C[31][19] = -11723
C[31][20] = 369
C[31][21] = -7045
C[31][22] = 5054
C[31][23] = -885
C[31][24] = -1733
C[31][25] = -13677
C[31][26] = -3184
C[31][27] = 15319
C[31][28] = -10466
C[31][29] = -19563
C[31][30] = 14085
C[31][31] = -11551
